[0m12:16:45.054437 [debug] [MainThread]: Sending event: {'category': 'dbt', 'action': 'invocation', 'label': 'start', 'context': [<snowplow_tracker.self_describing_json.SelfDescribingJson object at 0x71e2d787cd40>, <snowplow_tracker.self_describing_json.SelfDescribingJson object at 0x71e2d7e9dbb0>, <snowplow_tracker.self_describing_json.SelfDescribingJson object at 0x71e2d787d940>]}


============================== 12:16:45.060201 | 01e608a4-6202-4d88-b4d2-a36c8c7ffaa2 ==============================
[0m12:16:45.060201 [info ] [MainThread]: Running with dbt=1.10.6
[0m12:16:45.060972 [debug] [MainThread]: running dbt with arguments {'printer_width': '80', 'indirect_selection': 'eager', 'write_json': 'True', 'log_cache_events': 'False', 'partial_parse': 'True', 'cache_selected_only': 'False', 'warn_error': 'None', 'version_check': 'True', 'profiles_dir': '/home/codespace/.dbt', 'log_path': 'logs', 'debug': 'False', 'fail_fast': 'False', 'use_colors': 'True', 'use_experimental_parser': 'False', 'empty': 'None', 'quiet': 'False', 'no_print': 'None', 'log_format': 'default', 'static_parser': 'True', 'invocation_command': 'dbt init dev_survery', 'introspect': 'True', 'target_path': 'None', 'warn_error_options': 'WarnErrorOptionsV2(error=[], warn=[], silence=[])', 'send_anonymous_usage_stats': 'True'}
[0m12:16:45.073972 [info ] [MainThread]: Creating dbt configuration folder at /home/codespace/.dbt
[0m12:16:45.075351 [debug] [MainThread]: Starter project path: /workspaces/stack-overflow-developer-survey/env/lib/python3.12/site-packages/dbt/include/starter_project
[0m12:16:45.079338 [info ] [MainThread]: 
Your new dbt project "dev_survery" was created!

For more information on how to configure the profiles.yml file,
please consult the dbt documentation here:

  https://docs.getdbt.com/docs/configure-your-profile

One more thing:

Need help? Don't hesitate to reach out to us via GitHub issues or on Slack:

  https://community.getdbt.com/

Happy modeling!

[0m12:16:45.080074 [info ] [MainThread]: Setting up your profile.
[0m12:18:32.311519 [info ] [MainThread]: Profile dev_survery written to /home/codespace/.dbt/profiles.yml using target's profile_template.yml and your supplied values. Run 'dbt debug' to validate the connection.
[0m12:18:32.313972 [debug] [MainThread]: Resource report: {"command_name": "init", "command_success": true, "command_wall_clock_time": 107.31969, "process_in_blocks": "186736", "process_kernel_time": 0.305583, "process_mem_max_rss": "167380", "process_out_blocks": "80", "process_user_time": 2.021627}
[0m12:18:32.315661 [debug] [MainThread]: Command `dbt init` succeeded at 12:18:32.315142 after 107.32 seconds
[0m12:18:32.316829 [debug] [MainThread]: Sending event: {'category': 'dbt', 'action': 'invocation', 'label': 'end', 'context': [<snowplow_tracker.self_describing_json.SelfDescribingJson object at 0x71e2db593bc0>, <snowplow_tracker.self_describing_json.SelfDescribingJson object at 0x71e2d6ec8d10>, <snowplow_tracker.self_describing_json.SelfDescribingJson object at 0x71e2cc6ae870>]}
[0m12:18:32.317905 [debug] [MainThread]: Flushing usage events
[0m12:18:32.697126 [debug] [MainThread]: An error was encountered while trying to flush usage events
[0m12:18:42.984548 [debug] [MainThread]: Sending event: {'category': 'dbt', 'action': 'invocation', 'label': 'start', 'context': [<snowplow_tracker.self_describing_json.SelfDescribingJson object at 0x73a618724890>, <snowplow_tracker.self_describing_json.SelfDescribingJson object at 0x73a618724800>, <snowplow_tracker.self_describing_json.SelfDescribingJson object at 0x73a61846fec0>]}


============================== 12:18:42.987712 | 9d182587-e30a-413c-985e-522da2f5c71f ==============================
[0m12:18:42.987712 [info ] [MainThread]: Running with dbt=1.10.6
[0m12:18:42.988516 [debug] [MainThread]: running dbt with arguments {'printer_width': '80', 'indirect_selection': 'eager', 'log_cache_events': 'False', 'write_json': 'True', 'partial_parse': 'True', 'cache_selected_only': 'False', 'warn_error': 'None', 'fail_fast': 'False', 'profiles_dir': '/home/codespace/.dbt', 'log_path': 'logs', 'version_check': 'True', 'debug': 'False', 'use_colors': 'True', 'use_experimental_parser': 'False', 'no_print': 'None', 'quiet': 'False', 'empty': 'None', 'log_format': 'default', 'invocation_command': 'dbt debug', 'warn_error_options': 'WarnErrorOptionsV2(error=[], warn=[], silence=[])', 'introspect': 'True', 'target_path': 'None', 'static_parser': 'True', 'send_anonymous_usage_stats': 'True'}
[0m12:18:42.997794 [info ] [MainThread]: dbt version: 1.10.6
[0m12:18:42.998433 [info ] [MainThread]: python version: 3.12.1
[0m12:18:42.998945 [info ] [MainThread]: python path: /workspaces/stack-overflow-developer-survey/env/bin/python3
[0m12:18:42.999432 [info ] [MainThread]: os info: Linux-6.8.0-1030-azure-x86_64-with-glibc2.39
[0m12:18:43.485673 [info ] [MainThread]: Using profiles dir at /home/codespace/.dbt
[0m12:18:43.486651 [info ] [MainThread]: Using profiles.yml file at /home/codespace/.dbt/profiles.yml
[0m12:18:43.487680 [info ] [MainThread]: Using dbt_project.yml file at /workspaces/stack-overflow-developer-survey/dbt/dbt_project.yml
[0m12:18:43.506451 [info ] [MainThread]: adapter type: snowflake
[0m12:18:43.507246 [info ] [MainThread]: adapter version: 1.10.0
[0m12:18:43.508014 [info ] [MainThread]: Configuration:
[0m12:18:43.508852 [info ] [MainThread]:   profiles.yml file [[32mOK found and valid[0m]
[0m12:18:43.509542 [info ] [MainThread]:   dbt_project.yml file [[31mERROR not found[0m]
[0m12:18:43.510231 [info ] [MainThread]: Required dependencies:
[0m12:18:43.510948 [debug] [MainThread]: Executing "git --help"
[0m12:18:43.513948 [debug] [MainThread]: STDOUT: "b"usage: git [-v | --version] [-h | --help] [-C <path>] [-c <name>=<value>]\n           [--exec-path[=<path>]] [--html-path] [--man-path] [--info-path]\n           [-p | --paginate | -P | --no-pager] [--no-replace-objects] [--no-lazy-fetch]\n           [--no-optional-locks] [--no-advice] [--bare] [--git-dir=<path>]\n           [--work-tree=<path>] [--namespace=<name>] [--config-env=<name>=<envvar>]\n           <command> [<args>]\n\nThese are common Git commands used in various situations:\n\nstart a working area (see also: git help tutorial)\n   clone      Clone a repository into a new directory\n   init       Create an empty Git repository or reinitialize an existing one\n\nwork on the current change (see also: git help everyday)\n   add        Add file contents to the index\n   mv         Move or rename a file, a directory, or a symlink\n   restore    Restore working tree files\n   rm         Remove files from the working tree and from the index\n\nexamine the history and state (see also: git help revisions)\n   bisect     Use binary search to find the commit that introduced a bug\n   diff       Show changes between commits, commit and working tree, etc\n   grep       Print lines matching a pattern\n   log        Show commit logs\n   show       Show various types of objects\n   status     Show the working tree status\n\ngrow, mark and tweak your common history\n   backfill   Download missing objects in a partial clone\n   branch     List, create, or delete branches\n   commit     Record changes to the repository\n   merge      Join two or more development histories together\n   rebase     Reapply commits on top of another base tip\n   reset      Reset current HEAD to the specified state\n   switch     Switch branches\n   tag        Create, list, delete or verify a tag object signed with GPG\n\ncollaborate (see also: git help workflows)\n   fetch      Download objects and refs from another repository\n   pull       Fetch from and integrate with another repository or a local branch\n   push       Update remote refs along with associated objects\n\n'git help -a' and 'git help -g' list available subcommands and some\nconcept guides. See 'git help <command>' or 'git help <concept>'\nto read about a specific subcommand or concept.\nSee 'git help git' for an overview of the system.\n""
[0m12:18:43.514735 [debug] [MainThread]: STDERR: "b''"
[0m12:18:43.515361 [info ] [MainThread]:  - git [[32mOK found[0m]

[0m12:18:43.517577 [info ] [MainThread]: Connection:
[0m12:18:43.518563 [info ] [MainThread]:   account: LEKNHPK-BC77621
[0m12:18:43.520397 [info ] [MainThread]:   user: alexptrw
[0m12:18:43.521275 [info ] [MainThread]:   database: stackdev_db
[0m12:18:43.522574 [info ] [MainThread]:   warehouse: stackdev_wh
[0m12:18:43.523618 [info ] [MainThread]:   role: dbt_role
[0m12:18:43.524471 [info ] [MainThread]:   schema: bronze
[0m12:18:43.526139 [info ] [MainThread]:   authenticator: None
[0m12:18:43.527063 [info ] [MainThread]:   oauth_client_id: None
[0m12:18:43.528975 [info ] [MainThread]:   query_tag: None
[0m12:18:43.530198 [info ] [MainThread]:   client_session_keep_alive: False
[0m12:18:43.530862 [info ] [MainThread]:   host: None
[0m12:18:43.531675 [info ] [MainThread]:   port: None
[0m12:18:43.534193 [info ] [MainThread]:   proxy_host: None
[0m12:18:43.536320 [info ] [MainThread]:   proxy_port: None
[0m12:18:43.537191 [info ] [MainThread]:   protocol: None
[0m12:18:43.539521 [info ] [MainThread]:   connect_retries: 1
[0m12:18:43.540190 [info ] [MainThread]:   connect_timeout: None
[0m12:18:43.540844 [info ] [MainThread]:   retry_on_database_errors: False
[0m12:18:43.541485 [info ] [MainThread]:   retry_all: False
[0m12:18:43.542510 [info ] [MainThread]:   insecure_mode: False
[0m12:18:43.544589 [info ] [MainThread]:   reuse_connections: True
[0m12:18:43.546197 [info ] [MainThread]:   s3_stage_vpce_dns_name: None
[0m12:18:43.547247 [info ] [MainThread]: Registered adapter: snowflake=1.10.0
[0m12:18:43.760423 [debug] [MainThread]: Acquiring new snowflake connection 'debug'
[0m12:18:44.029840 [debug] [MainThread]: Using snowflake connection "debug"
[0m12:18:44.030404 [debug] [MainThread]: On debug: select 1 as id
[0m12:18:44.030909 [debug] [MainThread]: Opening a new connection, currently in state init
[0m12:18:45.039201 [debug] [MainThread]: Snowflake adapter: Error running SQL: select 1 as id
[0m12:18:45.039849 [debug] [MainThread]: Snowflake adapter: Rolling back transaction.
[0m12:18:45.040603 [info ] [MainThread]:   Connection test: [[31mERROR[0m]

[0m12:18:45.041710 [info ] [MainThread]: [31m2 checks failed:[0m
[0m12:18:45.042481 [info ] [MainThread]: Project loading failed for the following reason:
 project path </workspaces/stack-overflow-developer-survey/dbt/dbt_project.yml> not found

[0m12:18:45.043224 [info ] [MainThread]: dbt was unable to connect to the specified database.
The database returned the following error:

  >Database Error
  250001 (08001): Failed to connect to DB: LEKNHPK-BC77621.snowflakecomputing.com:443. Incorrect username or password was specified.

Check your database credentials and try again. For more information, visit:
https://docs.getdbt.com/docs/configure-your-profile


[0m12:18:45.044401 [debug] [MainThread]: Resource report: {"command_name": "debug", "command_success": false, "command_wall_clock_time": 2.1142292, "process_in_blocks": "8304", "process_kernel_time": 0.193207, "process_mem_max_rss": "182336", "process_out_blocks": "2488", "process_user_time": 2.165123}
[0m12:18:45.045088 [debug] [MainThread]: Command `dbt debug` failed at 12:18:45.044973 after 2.12 seconds
[0m12:18:45.045523 [debug] [MainThread]: Connection 'debug' was left open.
[0m12:18:45.045958 [debug] [MainThread]: On debug: No close available on handle
[0m12:18:45.046396 [debug] [MainThread]: Sending event: {'category': 'dbt', 'action': 'invocation', 'label': 'end', 'context': [<snowplow_tracker.self_describing_json.SelfDescribingJson object at 0x73a619d7f140>, <snowplow_tracker.self_describing_json.SelfDescribingJson object at 0x73a60d590ce0>, <snowplow_tracker.self_describing_json.SelfDescribingJson object at 0x73a61c37fb90>]}
[0m12:18:45.047008 [debug] [MainThread]: Flushing usage events
[0m12:18:45.389999 [debug] [MainThread]: An error was encountered while trying to flush usage events
[0m12:24:20.485784 [debug] [MainThread]: Sending event: {'category': 'dbt', 'action': 'invocation', 'label': 'start', 'context': [<snowplow_tracker.self_describing_json.SelfDescribingJson object at 0x778b15f31c10>, <snowplow_tracker.self_describing_json.SelfDescribingJson object at 0x778b16241310>, <snowplow_tracker.self_describing_json.SelfDescribingJson object at 0x778b15fb7770>]}


============================== 12:24:20.488774 | 31c5c754-f4a4-4842-ad04-5a3ffcc70826 ==============================
[0m12:24:20.488774 [info ] [MainThread]: Running with dbt=1.10.6
[0m12:24:20.489559 [debug] [MainThread]: running dbt with arguments {'printer_width': '80', 'indirect_selection': 'eager', 'write_json': 'True', 'log_cache_events': 'False', 'partial_parse': 'True', 'cache_selected_only': 'False', 'warn_error': 'None', 'debug': 'False', 'profiles_dir': '/home/codespace/.dbt', 'log_path': 'logs', 'fail_fast': 'False', 'version_check': 'True', 'use_colors': 'True', 'use_experimental_parser': 'False', 'empty': 'None', 'quiet': 'False', 'no_print': 'None', 'warn_error_options': 'WarnErrorOptionsV2(error=[], warn=[], silence=[])', 'static_parser': 'True', 'introspect': 'True', 'invocation_command': 'dbt debug', 'target_path': 'None', 'log_format': 'default', 'send_anonymous_usage_stats': 'True'}
[0m12:24:20.498064 [info ] [MainThread]: dbt version: 1.10.6
[0m12:24:20.498735 [info ] [MainThread]: python version: 3.12.1
[0m12:24:20.499215 [info ] [MainThread]: python path: /workspaces/stack-overflow-developer-survey/env/bin/python3
[0m12:24:20.499677 [info ] [MainThread]: os info: Linux-6.8.0-1030-azure-x86_64-with-glibc2.39
[0m12:24:21.115250 [info ] [MainThread]: Using profiles dir at /home/codespace/.dbt
[0m12:24:21.116121 [info ] [MainThread]: Using profiles.yml file at /home/codespace/.dbt/profiles.yml
[0m12:24:21.116837 [info ] [MainThread]: Using dbt_project.yml file at /workspaces/stack-overflow-developer-survey/dbt/dbt_project.yml
[0m12:24:21.117707 [info ] [MainThread]: adapter type: snowflake
[0m12:24:21.118368 [info ] [MainThread]: adapter version: 1.10.0
[0m12:24:21.119051 [info ] [MainThread]: Configuration:
[0m12:24:21.119679 [info ] [MainThread]:   profiles.yml file [[32mOK found and valid[0m]
[0m12:24:21.120318 [info ] [MainThread]:   dbt_project.yml file [[31mERROR not found[0m]
[0m12:24:21.120996 [info ] [MainThread]: Required dependencies:
[0m12:24:21.121661 [debug] [MainThread]: Executing "git --help"
[0m12:24:21.124455 [debug] [MainThread]: STDOUT: "b"usage: git [-v | --version] [-h | --help] [-C <path>] [-c <name>=<value>]\n           [--exec-path[=<path>]] [--html-path] [--man-path] [--info-path]\n           [-p | --paginate | -P | --no-pager] [--no-replace-objects] [--no-lazy-fetch]\n           [--no-optional-locks] [--no-advice] [--bare] [--git-dir=<path>]\n           [--work-tree=<path>] [--namespace=<name>] [--config-env=<name>=<envvar>]\n           <command> [<args>]\n\nThese are common Git commands used in various situations:\n\nstart a working area (see also: git help tutorial)\n   clone      Clone a repository into a new directory\n   init       Create an empty Git repository or reinitialize an existing one\n\nwork on the current change (see also: git help everyday)\n   add        Add file contents to the index\n   mv         Move or rename a file, a directory, or a symlink\n   restore    Restore working tree files\n   rm         Remove files from the working tree and from the index\n\nexamine the history and state (see also: git help revisions)\n   bisect     Use binary search to find the commit that introduced a bug\n   diff       Show changes between commits, commit and working tree, etc\n   grep       Print lines matching a pattern\n   log        Show commit logs\n   show       Show various types of objects\n   status     Show the working tree status\n\ngrow, mark and tweak your common history\n   backfill   Download missing objects in a partial clone\n   branch     List, create, or delete branches\n   commit     Record changes to the repository\n   merge      Join two or more development histories together\n   rebase     Reapply commits on top of another base tip\n   reset      Reset current HEAD to the specified state\n   switch     Switch branches\n   tag        Create, list, delete or verify a tag object signed with GPG\n\ncollaborate (see also: git help workflows)\n   fetch      Download objects and refs from another repository\n   pull       Fetch from and integrate with another repository or a local branch\n   push       Update remote refs along with associated objects\n\n'git help -a' and 'git help -g' list available subcommands and some\nconcept guides. See 'git help <command>' or 'git help <concept>'\nto read about a specific subcommand or concept.\nSee 'git help git' for an overview of the system.\n""
[0m12:24:21.125273 [debug] [MainThread]: STDERR: "b''"
[0m12:24:21.125911 [info ] [MainThread]:  - git [[32mOK found[0m]

[0m12:24:21.126565 [info ] [MainThread]: Connection:
[0m12:24:21.127248 [info ] [MainThread]:   account: LEKNHPK-BC77621
[0m12:24:21.127922 [info ] [MainThread]:   user: alexptrw
[0m12:24:21.128529 [info ] [MainThread]:   database: stackdev_db
[0m12:24:21.129173 [info ] [MainThread]:   warehouse: stackdev_wh
[0m12:24:21.129817 [info ] [MainThread]:   role: dbt_role
[0m12:24:21.130477 [info ] [MainThread]:   schema: bronze
[0m12:24:21.131140 [info ] [MainThread]:   authenticator: None
[0m12:24:21.131785 [info ] [MainThread]:   oauth_client_id: None
[0m12:24:21.132444 [info ] [MainThread]:   query_tag: None
[0m12:24:21.133114 [info ] [MainThread]:   client_session_keep_alive: False
[0m12:24:21.133780 [info ] [MainThread]:   host: None
[0m12:24:21.134429 [info ] [MainThread]:   port: None
[0m12:24:21.135099 [info ] [MainThread]:   proxy_host: None
[0m12:24:21.135733 [info ] [MainThread]:   proxy_port: None
[0m12:24:21.136365 [info ] [MainThread]:   protocol: None
[0m12:24:21.137007 [info ] [MainThread]:   connect_retries: 1
[0m12:24:21.137634 [info ] [MainThread]:   connect_timeout: None
[0m12:24:21.138268 [info ] [MainThread]:   retry_on_database_errors: False
[0m12:24:21.138915 [info ] [MainThread]:   retry_all: False
[0m12:24:21.139544 [info ] [MainThread]:   insecure_mode: False
[0m12:24:21.140210 [info ] [MainThread]:   reuse_connections: True
[0m12:24:21.140852 [info ] [MainThread]:   s3_stage_vpce_dns_name: None
[0m12:24:21.141673 [info ] [MainThread]: Registered adapter: snowflake=1.10.0
[0m12:24:21.290284 [debug] [MainThread]: Acquiring new snowflake connection 'debug'
[0m12:24:21.308491 [debug] [MainThread]: Using snowflake connection "debug"
[0m12:24:21.308974 [debug] [MainThread]: On debug: select 1 as id
[0m12:24:21.309398 [debug] [MainThread]: Opening a new connection, currently in state init
[0m12:24:21.859571 [debug] [MainThread]: SQL status: SUCCESS 1 in 0.550 seconds
[0m12:24:21.860790 [info ] [MainThread]:   Connection test: [[32mOK connection ok[0m]

[0m12:24:21.861383 [info ] [MainThread]: [31m1 check failed:[0m
[0m12:24:21.861911 [info ] [MainThread]: Project loading failed for the following reason:
 project path </workspaces/stack-overflow-developer-survey/dbt/dbt_project.yml> not found

[0m12:24:21.863007 [debug] [MainThread]: Resource report: {"command_name": "debug", "command_success": false, "command_wall_clock_time": 1.4313774, "process_in_blocks": "0", "process_kernel_time": 0.199131, "process_mem_max_rss": "179996", "process_out_blocks": "40", "process_user_time": 2.033912}
[0m12:24:21.863637 [debug] [MainThread]: Command `dbt debug` failed at 12:24:21.863528 after 1.43 seconds
[0m12:24:21.864092 [debug] [MainThread]: Connection 'debug' was left open.
[0m12:24:21.864512 [debug] [MainThread]: On debug: Close
[0m12:24:21.939709 [debug] [MainThread]: Sending event: {'category': 'dbt', 'action': 'invocation', 'label': 'end', 'context': [<snowplow_tracker.self_describing_json.SelfDescribingJson object at 0x778b164e4e00>, <snowplow_tracker.self_describing_json.SelfDescribingJson object at 0x778b0d69b170>, <snowplow_tracker.self_describing_json.SelfDescribingJson object at 0x778b123c0f50>]}
[0m12:24:21.940357 [debug] [MainThread]: Flushing usage events
[0m12:24:22.274606 [debug] [MainThread]: An error was encountered while trying to flush usage events
[0m12:24:56.368612 [debug] [MainThread]: Sending event: {'category': 'dbt', 'action': 'invocation', 'label': 'start', 'context': [<snowplow_tracker.self_describing_json.SelfDescribingJson object at 0x776cb4c3e0c0>, <snowplow_tracker.self_describing_json.SelfDescribingJson object at 0x776cb4cd25a0>, <snowplow_tracker.self_describing_json.SelfDescribingJson object at 0x776cb5100aa0>]}


============================== 12:24:56.371605 | df11df93-5464-4999-a3e6-804b20eedf82 ==============================
[0m12:24:56.371605 [info ] [MainThread]: Running with dbt=1.10.6
[0m12:24:56.372407 [debug] [MainThread]: running dbt with arguments {'printer_width': '80', 'indirect_selection': 'eager', 'log_cache_events': 'False', 'write_json': 'True', 'partial_parse': 'True', 'cache_selected_only': 'False', 'warn_error': 'None', 'version_check': 'True', 'fail_fast': 'False', 'log_path': '/workspaces/stack-overflow-developer-survey/dbt/logs', 'debug': 'False', 'profiles_dir': '/home/codespace/.dbt', 'use_colors': 'True', 'use_experimental_parser': 'False', 'no_print': 'None', 'quiet': 'False', 'empty': 'None', 'log_format': 'default', 'introspect': 'True', 'invocation_command': 'dbt debug', 'static_parser': 'True', 'target_path': 'None', 'warn_error_options': 'WarnErrorOptionsV2(error=[], warn=[], silence=[])', 'send_anonymous_usage_stats': 'True'}
[0m12:24:56.380615 [info ] [MainThread]: dbt version: 1.10.6
[0m12:24:56.381346 [info ] [MainThread]: python version: 3.12.1
[0m12:24:56.381846 [info ] [MainThread]: python path: /workspaces/stack-overflow-developer-survey/env/bin/python3
[0m12:24:56.382304 [info ] [MainThread]: os info: Linux-6.8.0-1030-azure-x86_64-with-glibc2.39
[0m12:24:56.846971 [info ] [MainThread]: Using profiles dir at /home/codespace/.dbt
[0m12:24:56.847608 [info ] [MainThread]: Using profiles.yml file at /home/codespace/.dbt/profiles.yml
[0m12:24:56.848152 [info ] [MainThread]: Using dbt_project.yml file at /workspaces/stack-overflow-developer-survey/dbt/dbt_project.yml
[0m12:24:56.848792 [info ] [MainThread]: adapter type: snowflake
[0m12:24:56.849241 [info ] [MainThread]: adapter version: 1.10.0
[0m12:24:56.955034 [info ] [MainThread]: Configuration:
[0m12:24:56.955607 [info ] [MainThread]:   profiles.yml file [[32mOK found and valid[0m]
[0m12:24:56.956126 [info ] [MainThread]:   dbt_project.yml file [[32mOK found and valid[0m]
[0m12:24:56.956604 [info ] [MainThread]: Required dependencies:
[0m12:24:56.957124 [debug] [MainThread]: Executing "git --help"
[0m12:24:56.959007 [debug] [MainThread]: STDOUT: "b"usage: git [-v | --version] [-h | --help] [-C <path>] [-c <name>=<value>]\n           [--exec-path[=<path>]] [--html-path] [--man-path] [--info-path]\n           [-p | --paginate | -P | --no-pager] [--no-replace-objects] [--no-lazy-fetch]\n           [--no-optional-locks] [--no-advice] [--bare] [--git-dir=<path>]\n           [--work-tree=<path>] [--namespace=<name>] [--config-env=<name>=<envvar>]\n           <command> [<args>]\n\nThese are common Git commands used in various situations:\n\nstart a working area (see also: git help tutorial)\n   clone      Clone a repository into a new directory\n   init       Create an empty Git repository or reinitialize an existing one\n\nwork on the current change (see also: git help everyday)\n   add        Add file contents to the index\n   mv         Move or rename a file, a directory, or a symlink\n   restore    Restore working tree files\n   rm         Remove files from the working tree and from the index\n\nexamine the history and state (see also: git help revisions)\n   bisect     Use binary search to find the commit that introduced a bug\n   diff       Show changes between commits, commit and working tree, etc\n   grep       Print lines matching a pattern\n   log        Show commit logs\n   show       Show various types of objects\n   status     Show the working tree status\n\ngrow, mark and tweak your common history\n   backfill   Download missing objects in a partial clone\n   branch     List, create, or delete branches\n   commit     Record changes to the repository\n   merge      Join two or more development histories together\n   rebase     Reapply commits on top of another base tip\n   reset      Reset current HEAD to the specified state\n   switch     Switch branches\n   tag        Create, list, delete or verify a tag object signed with GPG\n\ncollaborate (see also: git help workflows)\n   fetch      Download objects and refs from another repository\n   pull       Fetch from and integrate with another repository or a local branch\n   push       Update remote refs along with associated objects\n\n'git help -a' and 'git help -g' list available subcommands and some\nconcept guides. See 'git help <command>' or 'git help <concept>'\nto read about a specific subcommand or concept.\nSee 'git help git' for an overview of the system.\n""
[0m12:24:56.959488 [debug] [MainThread]: STDERR: "b''"
[0m12:24:56.959940 [info ] [MainThread]:  - git [[32mOK found[0m]

[0m12:24:56.960584 [info ] [MainThread]: Connection:
[0m12:24:56.961152 [info ] [MainThread]:   account: LEKNHPK-BC77621
[0m12:24:56.961675 [info ] [MainThread]:   user: alexptrw
[0m12:24:56.962377 [info ] [MainThread]:   database: stackdev_db
[0m12:24:56.963043 [info ] [MainThread]:   warehouse: stackdev_wh
[0m12:24:56.963823 [info ] [MainThread]:   role: dbt_role
[0m12:24:56.964324 [info ] [MainThread]:   schema: bronze
[0m12:24:56.964790 [info ] [MainThread]:   authenticator: None
[0m12:24:56.965301 [info ] [MainThread]:   oauth_client_id: None
[0m12:24:56.965795 [info ] [MainThread]:   query_tag: None
[0m12:24:56.966296 [info ] [MainThread]:   client_session_keep_alive: False
[0m12:24:56.967042 [info ] [MainThread]:   host: None
[0m12:24:56.967942 [info ] [MainThread]:   port: None
[0m12:24:56.968604 [info ] [MainThread]:   proxy_host: None
[0m12:24:56.969106 [info ] [MainThread]:   proxy_port: None
[0m12:24:56.969546 [info ] [MainThread]:   protocol: None
[0m12:24:56.970071 [info ] [MainThread]:   connect_retries: 1
[0m12:24:56.970533 [info ] [MainThread]:   connect_timeout: None
[0m12:24:56.971042 [info ] [MainThread]:   retry_on_database_errors: False
[0m12:24:56.971654 [info ] [MainThread]:   retry_all: False
[0m12:24:56.972343 [info ] [MainThread]:   insecure_mode: False
[0m12:24:56.973056 [info ] [MainThread]:   reuse_connections: True
[0m12:24:56.973678 [info ] [MainThread]:   s3_stage_vpce_dns_name: None
[0m12:24:56.974279 [info ] [MainThread]: Registered adapter: snowflake=1.10.0
[0m12:24:57.092973 [debug] [MainThread]: Acquiring new snowflake connection 'debug'
[0m12:24:57.112466 [debug] [MainThread]: Using snowflake connection "debug"
[0m12:24:57.112951 [debug] [MainThread]: On debug: select 1 as id
[0m12:24:57.113373 [debug] [MainThread]: Opening a new connection, currently in state init
[0m12:24:57.578889 [debug] [MainThread]: SQL status: SUCCESS 1 in 0.465 seconds
[0m12:24:57.580753 [info ] [MainThread]:   Connection test: [[32mOK connection ok[0m]

[0m12:24:57.581576 [info ] [MainThread]: [32mAll checks passed![0m
[0m12:24:57.583109 [debug] [MainThread]: Resource report: {"command_name": "debug", "command_success": true, "command_wall_clock_time": 1.2685273, "process_in_blocks": "0", "process_kernel_time": 0.163406, "process_mem_max_rss": "181784", "process_out_blocks": "40", "process_user_time": 2.098376}
[0m12:24:57.584067 [debug] [MainThread]: Command `dbt debug` succeeded at 12:24:57.583904 after 1.27 seconds
[0m12:24:57.584828 [debug] [MainThread]: Connection 'debug' was left open.
[0m12:24:57.585576 [debug] [MainThread]: On debug: Close
[0m12:24:57.659805 [debug] [MainThread]: Sending event: {'category': 'dbt', 'action': 'invocation', 'label': 'end', 'context': [<snowplow_tracker.self_describing_json.SelfDescribingJson object at 0x776cb4ca3410>, <snowplow_tracker.self_describing_json.SelfDescribingJson object at 0x776cabfb0470>, <snowplow_tracker.self_describing_json.SelfDescribingJson object at 0x776caa1f6240>]}
[0m12:24:57.660369 [debug] [MainThread]: Flushing usage events
[0m12:24:58.036352 [debug] [MainThread]: An error was encountered while trying to flush usage events
